#
# A fatal error has been detected by the Java Runtime Environment:
#
#  EXCEPTION_ACCESS_VIOLATION (0xc0000005) at pc=0x00000000762753b1, pid=19552, tid=0x00000000000042ec
#
# JRE version: OpenJDK Runtime Environment (8.0_152-b01) (build 1.8.0_152-release-1248-b01)
# Java VM: OpenJDK 64-Bit Server VM (25.152-b01 mixed mode windows-amd64 compressed oops)
# Problematic frame:
# V  [jvm.dll+0x3d53b1]
#
# Failed to write core dump. Minidumps are not enabled by default on client versions of Windows
#
# If you would like to submit a bug report, please visit:
#   http://bugreport.java.com/bugreport/crash.jsp
#

---------------  T H R E A D  ---------------

Current thread (0x000000000328c800):  GCTaskThread [stack: 0x0000000012ff0000,0x00000000130f0000] [id=17132]

siginfo: ExceptionCode=0xc0000005, reading address 0xffffffffffffffff

Registers:
RAX=0x0000000003290c00, RBX=0x0000104e0000215c, RCX=0x00000000a130caa8, RDX=0x00000000033626f0
RSP=0x00000000130ef6a0, RBP=0x00000000130ef780, RSI=0x0000000000000003, RDI=0x0000000003361340
R8 =0x000000000000144c, R9 =0x000000007bc8e574, R10=0x00000000033626f0, R11=0x0000000076468888
R12=0x0000000000000000, R13=0x00000000130ef798, R14=0x0000000000000000, R15=0x000000000328d0b0
RIP=0x00000000762753b1, EFLAGS=0x0000000000010202

Top of Stack: (sp=0x00000000130ef6a0)
0x00000000130ef6a0:   00000000033625d0 00000000764b4968
0x00000000130ef6b0:   00000000033625d0 0000000075f8efa9
0x00000000130ef6c0:   0000104e0000215c 0000000000000000
0x00000000130ef6d0:   0000000000000000 0000000075f8efa9
0x00000000130ef6e0:   00000000033625d0 0000000075f8f2da
0x00000000130ef6f0:   0000000100500408 0000000003284070
0x00000000130ef700:   000000000328d0b0 000000000328d0a0
0x00000000130ef710:   000000000328d0a0 0000000003284070
0x00000000130ef720:   00000000764b4968 0000000000000003
0x00000000130ef730:   000000001d39d6a0 00000000762617b7
0x00000000130ef740:   0000104e0000215d 00000000033625d0
0x00000000130ef750:   0000000000000000 00000000764b4968
0x00000000130ef760:   0000000000000000 0000000000000000
0x00000000130ef770:   000000001d39d6a0 000000007625ec9e
0x00000000130ef780:   000000007bc8e574 000000000328c800
0x00000000130ef790:   0000000000000000 00000000a130caa8 

Instructions: (pc=0x00000000762753b1)
0x0000000076275391:   00 49 89 4d 00 25 ff ff 01 00 89 84 24 a0 00 00
0x00000000762753a1:   00 75 07 ff 84 24 a4 00 00 00 48 8b 8c 24 a0 00
0x00000000762753b1:   00 00 48 89 5c 24 58 48 89 4c 24 40 e9 84 00 00
0x00000000762753c1:   00 0f 85 95 00 00 00 48 8b 47 10 8d 4e ff 83 e1 


Register to memory mapping:

RAX=0x0000000003290c00 is an unknown value
RBX=0x0000104e0000215c is an unknown value
RCX=0x00000000a130caa8 is an oop
java.lang.Class 
 - klass: 'java/lang/Class'
RDX=0x00000000033626f0 is an unknown value
RSP=0x00000000130ef6a0 is an unknown value
RBP=0x00000000130ef780 is an unknown value
RSI=0x0000000000000003 is an unknown value
RDI=0x0000000003361340 is an unknown value
R8 =0x000000000000144c is an unknown value
R9 =0x000000007bc8e574 is an unknown value
R10=0x00000000033626f0 is an unknown value
R11=0x0000000076468888 is an unknown value
R12=0x0000000000000000 is an unknown value
R13=0x00000000130ef798 is an unknown value
R14=0x0000000000000000 is an unknown value
R15=0x000000000328d0b0 is an unknown value


Stack: [0x0000000012ff0000,0x00000000130f0000],  sp=0x00000000130ef6a0,  free space=1021k
Native frames: (J=compiled Java code, j=interpreted, Vv=VM code, C=native code)
V  [jvm.dll+0x3d53b1]
V  [jvm.dll+0x3c17b7]
V  [jvm.dll+0x3bec9e]
V  [jvm.dll+0x26d9aa]
C  [msvcr100.dll+0x21d9f]
C  [msvcr100.dll+0x21e3b]
C  [KERNEL32.DLL+0x14034]
C  [ntdll.dll+0x73691]


---------------  P R O C E S S  ---------------

Java Threads: ( => current thread )
  0x000000001985e800 JavaThread "RMI RenewClean-[127.0.0.1:62460,org.jetbrains.kotlin.daemon.common.LoopbackNetworkInterface$ClientLoopbackSocketFactory@56632db]" daemon [_thread_blocked, id=23208, stack(0x000000001abd0000,0x000000001acd0000)]
  0x0000000019808000 JavaThread "RMI TCP Connection(2)-127.0.0.1" daemon [_thread_blocked, id=8068, stack(0x000000001aad0000,0x000000001abd0000)]
  0x0000000019806800 JavaThread "RMI Scheduler(0)" daemon [_thread_blocked, id=3884, stack(0x000000001a9d0000,0x000000001aad0000)]
  0x00000000197f9000 JavaThread "RMI TCP Connection(1)-127.0.0.1" daemon [_thread_in_native, id=17348, stack(0x000000001a8d0000,0x000000001a9d0000)]
  0x0000000003272800 JavaThread "DestroyJavaVM" [_thread_blocked, id=4856, stack(0x0000000003120000,0x0000000003220000)]
  0x000000001978b800 JavaThread "GC Daemon" daemon [_thread_blocked, id=15552, stack(0x000000001a490000,0x000000001a590000)]
  0x00000000197da000 JavaThread "RMI Reaper" [_thread_blocked, id=9552, stack(0x000000001a390000,0x000000001a490000)]
  0x0000000019762000 JavaThread "Timer-0" daemon [_thread_blocked, id=18416, stack(0x000000001a190000,0x000000001a290000)]
  0x0000000019761800 JavaThread "RMI TCP Accept-17841" daemon [_thread_in_native, id=12620, stack(0x000000001a090000,0x000000001a190000)]
  0x0000000016fee800 JavaThread "Service Thread" daemon [_thread_blocked, id=25456, stack(0x0000000019350000,0x0000000019450000)]
  0x0000000016fda800 JavaThread "C1 CompilerThread2" daemon [_thread_blocked, id=7384, stack(0x0000000018e50000,0x0000000018f50000)]
  0x0000000016fd9800 JavaThread "C2 CompilerThread1" daemon [_thread_blocked, id=12636, stack(0x0000000018d50000,0x0000000018e50000)]
  0x0000000016fd3000 JavaThread "C2 CompilerThread0" daemon [_thread_blocked, id=8696, stack(0x0000000018c50000,0x0000000018d50000)]
  0x0000000016fd0000 JavaThread "Attach Listener" daemon [_thread_blocked, id=13748, stack(0x0000000018b50000,0x0000000018c50000)]
  0x0000000016fce000 JavaThread "Signal Dispatcher" daemon [_thread_blocked, id=24308, stack(0x0000000018a50000,0x0000000018b50000)]
  0x000000000336e800 JavaThread "Finalizer" daemon [_thread_blocked, id=20852, stack(0x0000000018850000,0x0000000018950000)]
  0x0000000003365000 JavaThread "Reference Handler" daemon [_thread_blocked, id=4280, stack(0x0000000018750000,0x0000000018850000)]

Other Threads:
  0x0000000016f97000 VMThread [stack: 0x0000000018650000,0x0000000018750000] [id=12108]
  0x0000000018fda000 WatcherThread [stack: 0x0000000019450000,0x0000000019550000] [id=12496]

=>0x000000000328c800 (exited) GCTaskThread [stack: 0x0000000012ff0000,0x00000000130f0000] [id=17132]

VM state:at safepoint (normal execution)

VM Mutex/Monitor currently owned by a thread:  ([mutex/lock_event])
[0x000000000341d9c0] Threads_lock - owner thread: 0x0000000016f97000
[0x000000000341dc40] Heap_lock - owner thread: 0x0000000019808000

Heap:
 PSYoungGen      total 202240K, used 28135K [0x00000000e0000000, 0x00000000f4680000, 0x0000000100000000)
  eden space 174080K, 0% used [0x00000000e0000000,0x00000000e0000000,0x00000000eaa00000)
  from space 28160K, 99% used [0x00000000eaa00000,0x00000000ec579da0,0x00000000ec580000)
  to   space 40448K, 0% used [0x00000000f1f00000,0x00000000f1f00000,0x00000000f4680000)
 ParOldGen       total 140800K, used 49203K [0x00000000a0000000, 0x00000000a8980000, 0x00000000e0000000)
  object space 140800K, 34% used [0x00000000a0000000,0x00000000a300cfa0,0x00000000a8980000)
 Metaspace       used 57769K, capacity 58891K, committed 59160K, reserved 1101824K
  class space    used 7109K, capacity 7404K, committed 7472K, reserved 1048576K

Card table byte_map: [0x00000000127e0000,0x0000000012af0000] byte_map_base: 0x00000000122e0000

Marking Bits: (ParMarkBitMap*) 0x0000000076665aa0
 Begin Bits: [0x00000000132f0000, 0x0000000014af0000)
 End Bits:   [0x0000000014af0000, 0x00000000162f0000)

Polling page: 0x0000000001380000

CodeCache: size=245760Kb used=28178Kb max_used=28184Kb free=217581Kb
 bounds [0x0000000003420000, 0x0000000004fc0000, 0x0000000012420000]
 total_blobs=8955 nmethods=8417 adapters=449
 compilation: enabled

Compilation events (10 events):
Event: 4.900 Thread 0x0000000016fda800 9218       3       org.jetbrains.kotlin.codegen.state.KotlinTypeMapper$$Lambda$122/961143816::get$Lambda (10 bytes)
Event: 4.900 Thread 0x0000000016fd9800 nmethod 9216 0x0000000004f982d0 code [0x0000000004f98420, 0x0000000004f98518]
Event: 4.900 Thread 0x0000000016fd9800 9215       4       org.jetbrains.kotlin.descriptors.impl.SimpleFunctionDescriptorImpl::getOriginal (5 bytes)
Event: 4.900 Thread 0x0000000016fda800 nmethod 9218 0x0000000004faef50 code [0x0000000004faf0c0, 0x0000000004faf330]
Event: 4.900 Thread 0x0000000016fd9800 nmethod 9215 0x0000000004f9c310 code [0x0000000004f9c440, 0x0000000004f9c4b8]
Event: 4.902 Thread 0x0000000016fd3000 nmethod 9201 0x0000000004fbb250 code [0x0000000004fbb440, 0x0000000004fbcdb8]
Event: 4.908 Thread 0x0000000016fda800 9219       3       org.jetbrains.kotlin.com.intellij.psi.impl.PsiElementBase::getProject (32 bytes)
Event: 4.908 Thread 0x0000000016fda800 nmethod 9219 0x0000000004fae550 code [0x0000000004fae700, 0x0000000004faeb38]
Event: 4.914 Thread 0x0000000016fda800 9220       3       sun.nio.fs.NativeBuffers::releaseNativeBuffer (103 bytes)
Event: 4.914 Thread 0x0000000016fda800 nmethod 9220 0x0000000004fac290 code [0x0000000004fac580, 0x0000000004fad8f8]

GC Heap History (10 events):
Event: 1.936 GC heap after
Heap after GC invocations=6 (full 2):
 PSYoungGen      total 123392K, used 10726K [0x00000000e0000000, 0x00000000e9500000, 0x0000000100000000)
  eden space 112640K, 0% used [0x00000000e0000000,0x00000000e0000000,0x00000000e6e00000)
  from space 10752K, 99% used [0x00000000e8a80000,0x00000000e94f99d8,0x00000000e9500000)
  to   space 10752K, 0% used [0x00000000e8000000,0x00000000e8000000,0x00000000e8a80000)
 ParOldGen       total 92160K, used 10341K [0x00000000a0000000, 0x00000000a5a00000, 0x00000000e0000000)
  object space 92160K, 11% used [0x00000000a0000000,0x00000000a0a19670,0x00000000a5a00000)
 Metaspace       used 30833K, capacity 31431K, committed 31792K, reserved 1077248K
  class space    used 4134K, capacity 4302K, committed 4400K, reserved 1048576K
}
Event: 2.123 GC heap before
{Heap before GC invocations=7 (full 2):
 PSYoungGen      total 123392K, used 37940K [0x00000000e0000000, 0x00000000e9500000, 0x0000000100000000)
  eden space 112640K, 24% used [0x00000000e0000000,0x00000000e1a93928,0x00000000e6e00000)
  from space 10752K, 99% used [0x00000000e8a80000,0x00000000e94f99d8,0x00000000e9500000)
  to   space 10752K, 0% used [0x00000000e8000000,0x00000000e8000000,0x00000000e8a80000)
 ParOldGen       total 92160K, used 10341K [0x00000000a0000000, 0x00000000a5a00000, 0x00000000e0000000)
  object space 92160K, 11% used [0x00000000a0000000,0x00000000a0a19670,0x00000000a5a00000)
 Metaspace       used 34609K, capacity 35175K, committed 35496K, reserved 1079296K
  class space    used 4525K, capacity 4692K, committed 4784K, reserved 1048576K
Event: 2.129 GC heap after
Heap after GC invocations=7 (full 2):
 PSYoungGen      total 141824K, used 10739K [0x00000000e0000000, 0x00000000ed000000, 0x0000000100000000)
  eden space 131072K, 0% used [0x00000000e0000000,0x00000000e0000000,0x00000000e8000000)
  from space 10752K, 99% used [0x00000000e8000000,0x00000000e8a7cea0,0x00000000e8a80000)
  to   space 10752K, 0% used [0x00000000ec580000,0x00000000ec580000,0x00000000ed000000)
 ParOldGen       total 92160K, used 12770K [0x00000000a0000000, 0x00000000a5a00000, 0x00000000e0000000)
  object space 92160K, 13% used [0x00000000a0000000,0x00000000a0c78b08,0x00000000a5a00000)
 Metaspace       used 34609K, capacity 35175K, committed 35496K, reserved 1079296K
  class space    used 4525K, capacity 4692K, committed 4784K, reserved 1048576K
}
Event: 2.129 GC heap before
{Heap before GC invocations=8 (full 3):
 PSYoungGen      total 141824K, used 10739K [0x00000000e0000000, 0x00000000ed000000, 0x0000000100000000)
  eden space 131072K, 0% used [0x00000000e0000000,0x00000000e0000000,0x00000000e8000000)
  from space 10752K, 99% used [0x00000000e8000000,0x00000000e8a7cea0,0x00000000e8a80000)
  to   space 10752K, 0% used [0x00000000ec580000,0x00000000ec580000,0x00000000ed000000)
 ParOldGen       total 92160K, used 12770K [0x00000000a0000000, 0x00000000a5a00000, 0x00000000e0000000)
  object space 92160K, 13% used [0x00000000a0000000,0x00000000a0c78b08,0x00000000a5a00000)
 Metaspace       used 34609K, capacity 35175K, committed 35496K, reserved 1079296K
  class space    used 4525K, capacity 4692K, committed 4784K, reserved 1048576K
Event: 2.175 GC heap after
Heap after GC invocations=8 (full 3):
 PSYoungGen      total 141824K, used 0K [0x00000000e0000000, 0x00000000ed000000, 0x0000000100000000)
  eden space 131072K, 0% used [0x00000000e0000000,0x00000000e0000000,0x00000000e8000000)
  from space 10752K, 0% used [0x00000000e8000000,0x00000000e8000000,0x00000000e8a80000)
  to   space 10752K, 0% used [0x00000000ec580000,0x00000000ec580000,0x00000000ed000000)
 ParOldGen       total 140800K, used 19106K [0x00000000a0000000, 0x00000000a8980000, 0x00000000e0000000)
  object space 140800K, 13% used [0x00000000a0000000,0x00000000a12a8958,0x00000000a8980000)
 Metaspace       used 34609K, capacity 35175K, committed 35496K, reserved 1079296K
  class space    used 4525K, capacity 4692K, committed 4784K, reserved 1048576K
}
Event: 3.327 GC heap before
{Heap before GC invocations=9 (full 3):
 PSYoungGen      total 141824K, used 131072K [0x00000000e0000000, 0x00000000ed000000, 0x0000000100000000)
  eden space 131072K, 100% used [0x00000000e0000000,0x00000000e8000000,0x00000000e8000000)
  from space 10752K, 0% used [0x00000000e8000000,0x00000000e8000000,0x00000000e8a80000)
  to   space 10752K, 0% used [0x00000000ec580000,0x00000000ec580000,0x00000000ed000000)
 ParOldGen       total 140800K, used 19106K [0x00000000a0000000, 0x00000000a8980000, 0x00000000e0000000)
  object space 140800K, 13% used [0x00000000a0000000,0x00000000a12a8958,0x00000000a8980000)
 Metaspace       used 46695K, capacity 47591K, committed 47912K, reserved 1091584K
  class space    used 5856K, capacity 6074K, committed 6192K, reserved 1048576K
Event: 3.340 GC heap after
Heap after GC invocations=9 (full 3):
 PSYoungGen      total 184832K, used 10750K [0x00000000e0000000, 0x00000000ef780000, 0x0000000100000000)
  eden space 174080K, 0% used [0x00000000e0000000,0x00000000e0000000,0x00000000eaa00000)
  from space 10752K, 99% used [0x00000000ec580000,0x00000000ecfff840,0x00000000ed000000)
  to   space 28160K, 0% used [0x00000000eaa00000,0x00000000eaa00000,0x00000000ec580000)
 ParOldGen       total 140800K, used 35983K [0x00000000a0000000, 0x00000000a8980000, 0x00000000e0000000)
  object space 140800K, 25% used [0x00000000a0000000,0x00000000a2323ed0,0x00000000a8980000)
 Metaspace       used 46695K, capacity 47591K, committed 47912K, reserved 1091584K
  class space    used 5856K, capacity 6074K, committed 6192K, reserved 1048576K
}
Event: 4.926 GC heap before
{Heap before GC invocations=10 (full 3):
 PSYoungGen      total 184832K, used 172288K [0x00000000e0000000, 0x00000000ef780000, 0x0000000100000000)
  eden space 174080K, 92% used [0x00000000e0000000,0x00000000e9dc09e0,0x00000000eaa00000)
  from space 10752K, 99% used [0x00000000ec580000,0x00000000ecfff840,0x00000000ed000000)
  to   space 28160K, 0% used [0x00000000eaa00000,0x00000000eaa00000,0x00000000ec580000)
 ParOldGen       total 140800K, used 35983K [0x00000000a0000000, 0x00000000a8980000, 0x00000000e0000000)
  object space 140800K, 25% used [0x00000000a0000000,0x00000000a2323ed0,0x00000000a8980000)
 Metaspace       used 57769K, capacity 58891K, committed 59160K, reserved 1101824K
  class space    used 7109K, capacity 7404K, committed 7472K, reserved 1048576K
Event: 4.942 GC heap after
Heap after GC invocations=10 (full 3):
 PSYoungGen      total 202240K, used 28135K [0x00000000e0000000, 0x00000000f4680000, 0x0000000100000000)
  eden space 174080K, 0% used [0x00000000e0000000,0x00000000e0000000,0x00000000eaa00000)
  from space 28160K, 99% used [0x00000000eaa00000,0x00000000ec579da0,0x00000000ec580000)
  to   space 40448K, 0% used [0x00000000f1f00000,0x00000000f1f00000,0x00000000f4680000)
 ParOldGen       total 140800K, used 49203K [0x00000000a0000000, 0x00000000a8980000, 0x00000000e0000000)
  object space 140800K, 34% used [0x00000000a0000000,0x00000000a300cfa0,0x00000000a8980000)
 Metaspace       used 57769K, capacity 58891K, committed 59160K, reserved 1101824K
  class space    used 7109K, capacity 7404K, committed 7472K, reserved 1048576K
}
Event: 4.943 GC heap before
{Heap before GC invocations=11 (full 4):
 PSYoungGen      total 202240K, used 28135K [0x00000000e0000000, 0x00000000f4680000, 0x0000000100000000)
  eden space 174080K, 0% used [0x00000000e0000000,0x00000000e0000000,0x00000000eaa00000)
  from space 28160K, 99% used [0x00000000eaa00000,0x00000000ec579da0,0x00000000ec580000)
  to   space 40448K, 0% used [0x00000000f1f00000,0x00000000f1f00000,0x00000000f4680000)
 ParOldGen       total 140800K, used 49203K [0x00000000a0000000, 0x00000000a8980000, 0x00000000e0000000)
  object space 140800K, 34% used [0x00000000a0000000,0x00000000a300cfa0,0x00000000a8980000)
 Metaspace       used 57769K, capacity 58891K, committed 59160K, reserved 1101824K
  class space    used 7109K, capacity 7404K, committed 7472K, reserved 1048576K

Deoptimization events (10 events):
Event: 4.743 Thread 0x0000000019808000 Uncommon trap: reason=bimorphic action=maybe_recompile pc=0x0000000003d0b810 method=org.jetbrains.kotlin.com.intellij.psi.impl.source.tree.SharedImplUtil.getFirstChild(Lorg/jetbrains/kotlin/com/intellij/lang/ASTNode;)Lorg/jetbrains/kotlin/com/intellij/psi
Event: 4.764 Thread 0x0000000019808000 Uncommon trap: reason=unstable_if action=reinterpret pc=0x0000000004d64dc4 method=org.jetbrains.kotlin.com.intellij.psi.util.PsiTreeUtil.getParentOfType(Lorg/jetbrains/kotlin/com/intellij/psi/PsiElement;Ljava/lang/Class;ZI)Lorg/jetbrains/kotlin/com/intell
Event: 4.803 Thread 0x0000000019808000 Uncommon trap: reason=unstable_if action=reinterpret pc=0x0000000004d75d10 method=org.jetbrains.kotlin.resolve.DelegatingBindingTrace.<init>(Lorg/jetbrains/kotlin/resolve/BindingContext;Ljava/lang/String;ZLorg/jetbrains/kotlin/resolve/BindingTraceFilter;Z
Event: 4.886 Thread 0x0000000019808000 Uncommon trap: reason=unstable_if action=reinterpret pc=0x0000000003ef9cf0 method=org.jetbrains.kotlin.name.Name.hashCode()I @ 16
Event: 4.890 Thread 0x0000000019808000 Uncommon trap: reason=unstable_if action=reinterpret pc=0x000000000462d2b0 method=org.jetbrains.kotlin.resolve.DelegatingBindingTrace.get(Lorg/jetbrains/kotlin/util/slicedMap/ReadOnlySlice;Ljava/lang/Object;)Ljava/lang/Object; @ 20
Event: 4.892 Thread 0x0000000019808000 Uncommon trap: reason=unstable_if action=reinterpret pc=0x00000000045ef294 method=org.jetbrains.kotlin.resolve.DelegatingBindingTrace.get(Lorg/jetbrains/kotlin/util/slicedMap/ReadOnlySlice;Ljava/lang/Object;)Ljava/lang/Object; @ 20
Event: 4.894 Thread 0x0000000019808000 Uncommon trap: reason=class_check action=maybe_recompile pc=0x00000000041c1664 method=org.jetbrains.kotlin.storage.LockBasedStorageManager$MapBasedMemoizedFunction.invoke(Ljava/lang/Object;)Ljava/lang/Object; @ 34
Event: 4.910 Thread 0x0000000019808000 Uncommon trap: reason=class_check action=maybe_recompile pc=0x00000000041c1664 method=org.jetbrains.kotlin.storage.LockBasedStorageManager$MapBasedMemoizedFunction.invoke(Ljava/lang/Object;)Ljava/lang/Object; @ 34
Event: 4.914 Thread 0x0000000019808000 Uncommon trap: reason=class_check action=maybe_recompile pc=0x0000000003f9ef10 method=org.jetbrains.org.objectweb.asm.ClassReader.readMethod(Lorg/jetbrains/org/objectweb/asm/ClassVisitor;Lorg/jetbrains/org/objectweb/asm/Context;I)I @ 1027
Event: 4.923 Thread 0x0000000019808000 Uncommon trap: reason=unstable_if action=reinterpret pc=0x0000000003a0f094 method=org.jetbrains.org.objectweb.asm.MethodVisitor.visitEnd()V @ 4

Classes redefined (0 events):
No events

Internal exceptions (10 events):
Event: 3.858 Thread 0x0000000019808000 Implicit null exception at 0x00000000047f1ab6 to 0x00000000047f1b49
Event: 3.864 Thread 0x0000000019808000 Exception <a 'java/lang/NoSuchMethodError': java.lang.Object.lambda$static$0(I)[Lorg/jetbrains/kotlin/com/intellij/psi/PsiMethod;> (0x00000000e339f2a0) thrown at [D:\src\AOSP-openjdk-cygwin\jdk8u\hotspot\src\share\vm\interpreter\linkResolver.cpp, line 584
Event: 3.865 Thread 0x0000000019808000 Exception <a 'java/lang/NoSuchMethodError': java.lang.Object.lambda$static$0(I)[Lorg/jetbrains/kotlin/com/intellij/psi/PsiField;> (0x00000000e33aa338) thrown at [D:\src\AOSP-openjdk-cygwin\jdk8u\hotspot\src\share\vm\interpreter\linkResolver.cpp, line 584]
Event: 3.875 Thread 0x0000000019808000 Exception <a 'java/lang/NoSuchMethodError': java.lang.Object.lambda$static$0(I)[Lorg/jetbrains/kotlin/com/intellij/psi/PsiJavaCodeReferenceElement;> (0x00000000e3444b90) thrown at [D:\src\AOSP-openjdk-cygwin\jdk8u\hotspot\src\share\vm\interpreter\linkReso
Event: 4.237 Thread 0x0000000019808000 Implicit null exception at 0x0000000004b69670 to 0x0000000004b696d5
Event: 4.653 Thread 0x0000000019808000 Implicit null exception at 0x00000000036c1a15 to 0x00000000036c1be5
Event: 4.657 Thread 0x0000000019808000 Implicit null exception at 0x0000000003af70cc to 0x0000000003af7136
Event: 4.818 Thread 0x0000000019808000 Exception <a 'java/lang/NoSuchMethodError': java.lang.Object.lambda$static$0(Ljava/lang/Throwable;Ljava/lang/String;)V> (0x00000000e9142ef8) thrown at [D:\src\AOSP-openjdk-cygwin\jdk8u\hotspot\src\share\vm\interpreter\linkResolver.cpp, line 584]
Event: 4.922 Thread 0x0000000019808000 Exception <a 'java/lang/NoSuchMethodError': java.lang.Object.lambda$static$0(Ljava/lang/String;)Z> (0x00000000e9b39528) thrown at [D:\src\AOSP-openjdk-cygwin\jdk8u\hotspot\src\share\vm\interpreter\linkResolver.cpp, line 584]
Event: 4.922 Thread 0x0000000019808000 Exception <a 'java/lang/NoSuchMethodError': java.lang.Object.lambda$static$1(Ljava/lang/String;)Z> (0x00000000e9b3bd78) thrown at [D:\src\AOSP-openjdk-cygwin\jdk8u\hotspot\src\share\vm\interpreter\linkResolver.cpp, line 584]

Events (10 events):
Event: 4.924 loading class org/jetbrains/kotlin/codegen/optimization/ApiVersionCallsPreprocessingMethodTransformer done
Event: 4.925 loading class org/jetbrains/kotlin/codegen/inline/MethodInliner$Companion$analyzeMethodNodeBeforeInline$analyzer$1
Event: 4.925 loading class org/jetbrains/kotlin/codegen/inline/MethodInliner$Companion$analyzeMethodNodeBeforeInline$analyzer$1 done
Event: 4.925 loading class org/jetbrains/org/objectweb/asm/tree/analysis/Analyzer
Event: 4.925 loading class org/jetbrains/org/objectweb/asm/tree/analysis/Analyzer done
Event: 4.925 loading class org/jetbrains/org/objectweb/asm/Opcodes
Event: 4.925 loading class org/jetbrains/org/objectweb/asm/Opcodes done
Event: 4.926 loading class org/jetbrains/org/objectweb/asm/tree/analysis/SourceInterpreter
Event: 4.926 loading class org/jetbrains/org/objectweb/asm/tree/analysis/SourceInterpreter done
Event: 4.926 Executing VM operation: CollectForMetadataAllocation


Dynamic libraries:
0x00007ff643960000 - 0x00007ff643991000 	D:\Program\AndroidStudio\jre\jre\bin\java.exe
0x00007ffca2820000 - 0x00007ffca2a01000 	C:\WINDOWS\SYSTEM32\ntdll.dll
0x00007ffca0d40000 - 0x00007ffca0df1000 	C:\WINDOWS\System32\KERNEL32.DLL
0x00007ffc9f6a0000 - 0x00007ffc9f913000 	C:\WINDOWS\System32\KERNELBASE.dll
0x00007ffc9fec0000 - 0x00007ffc9ff61000 	C:\WINDOWS\System32\ADVAPI32.dll
0x00007ffc9fe20000 - 0x00007ffc9febe000 	C:\WINDOWS\System32\msvcrt.dll
0x00007ffca01d0000 - 0x00007ffca022b000 	C:\WINDOWS\System32\sechost.dll
0x00007ffc9fcc0000 - 0x00007ffc9fde4000 	C:\WINDOWS\System32\RPCRT4.dll
0x00007ffc9ffd0000 - 0x00007ffca0160000 	C:\WINDOWS\System32\USER32.dll
0x00007ffc9fc90000 - 0x00007ffc9fcb0000 	C:\WINDOWS\System32\win32u.dll
0x00007ffc9fdf0000 - 0x00007ffc9fe18000 	C:\WINDOWS\System32\GDI32.dll
0x00007ffc9f9a0000 - 0x00007ffc9fb32000 	C:\WINDOWS\System32\gdi32full.dll
0x00007ffc9ed00000 - 0x00007ffc9ed9f000 	C:\WINDOWS\System32\msvcp_win.dll
0x00007ffc9fb90000 - 0x00007ffc9fc88000 	C:\WINDOWS\System32\ucrtbase.dll
0x00007ffc91740000 - 0x00007ffc919a9000 	C:\WINDOWS\WinSxS\amd64_microsoft.windows.common-controls_6595b64144ccf1df_6.0.17134.706_none_fb43a2cb30647007\COMCTL32.dll
0x00007ffca0860000 - 0x00007ffca0b82000 	C:\WINDOWS\System32\combase.dll
0x00007ffc9f920000 - 0x00007ffc9f99a000 	C:\WINDOWS\System32\bcryptPrimitives.dll
0x00007ffca0d10000 - 0x00007ffca0d3d000 	C:\WINDOWS\System32\IMM32.DLL
0x0000000075ce0000 - 0x0000000075db2000 	D:\Program\AndroidStudio\jre\jre\bin\msvcr100.dll
0x0000000075ea0000 - 0x00000000766e1000 	D:\Program\AndroidStudio\jre\jre\bin\server\jvm.dll
0x00007ffca0160000 - 0x00007ffca0168000 	C:\WINDOWS\System32\PSAPI.DLL
0x00007ffc9cdc0000 - 0x00007ffc9cdc9000 	C:\WINDOWS\SYSTEM32\WSOCK32.dll
0x00007ffc9c900000 - 0x00007ffc9c923000 	C:\WINDOWS\SYSTEM32\WINMM.dll
0x00007ffca2620000 - 0x00007ffca268c000 	C:\WINDOWS\System32\WS2_32.dll
0x00007ffc9a160000 - 0x00007ffc9a16a000 	C:\WINDOWS\SYSTEM32\VERSION.dll
0x00007ffc9c6e0000 - 0x00007ffc9c70a000 	C:\WINDOWS\SYSTEM32\WINMMBASE.dll
0x00007ffc9fb40000 - 0x00007ffc9fb89000 	C:\WINDOWS\System32\cfgmgr32.dll
0x00007ffc959e0000 - 0x00007ffc959ef000 	D:\Program\AndroidStudio\jre\jre\bin\verify.dll
0x00007ffc952e0000 - 0x00007ffc95309000 	D:\Program\AndroidStudio\jre\jre\bin\java.dll
0x00007ffc952c0000 - 0x00007ffc952d6000 	D:\Program\AndroidStudio\jre\jre\bin\zip.dll
0x00007ffca1160000 - 0x00007ffca25a0000 	C:\WINDOWS\System32\SHELL32.dll
0x00007ffca26a0000 - 0x00007ffca2749000 	C:\WINDOWS\System32\shcore.dll
0x00007ffc9ef90000 - 0x00007ffc9f69d000 	C:\WINDOWS\System32\windows.storage.dll
0x00007ffca0170000 - 0x00007ffca01c1000 	C:\WINDOWS\System32\shlwapi.dll
0x00007ffc9ebd0000 - 0x00007ffc9ebe1000 	C:\WINDOWS\System32\kernel.appcore.dll
0x00007ffc9eb80000 - 0x00007ffc9eb9f000 	C:\WINDOWS\System32\profapi.dll
0x00007ffc9eb30000 - 0x00007ffc9eb7c000 	C:\WINDOWS\System32\powrprof.dll
0x00007ffc9ebc0000 - 0x00007ffc9ebca000 	C:\WINDOWS\System32\FLTLIB.DLL
0x00007ffc957e0000 - 0x00007ffc957ed000 	D:\Program\AndroidStudio\jre\jre\bin\management.dll
0x00007ffc952a0000 - 0x00007ffc952ba000 	D:\Program\AndroidStudio\jre\jre\bin\net.dll
0x00007ffc9e3b0000 - 0x00007ffc9e416000 	C:\WINDOWS\system32\mswsock.dll
0x00007ffc95280000 - 0x00007ffc95291000 	D:\Program\AndroidStudio\jre\jre\bin\nio.dll
0x00007ffc9e570000 - 0x00007ffc9e587000 	C:\WINDOWS\SYSTEM32\CRYPTSP.dll
0x00007ffc9df90000 - 0x00007ffc9dfc3000 	C:\WINDOWS\system32\rsaenh.dll
0x00007ffc9e690000 - 0x00007ffc9e6b5000 	C:\WINDOWS\SYSTEM32\bcrypt.dll
0x00007ffc9ea60000 - 0x00007ffc9ea88000 	C:\WINDOWS\SYSTEM32\USERENV.dll
0x00007ffc9e560000 - 0x00007ffc9e56b000 	C:\WINDOWS\SYSTEM32\CRYPTBASE.dll
0x00007ffc9e130000 - 0x00007ffc9e168000 	C:\WINDOWS\SYSTEM32\IPHLPAPI.DLL
0x00007ffca2690000 - 0x00007ffca2698000 	C:\WINDOWS\System32\NSI.dll
0x00007ffc99900000 - 0x00007ffc99916000 	C:\WINDOWS\SYSTEM32\dhcpcsvc6.DLL
0x00007ffc99820000 - 0x00007ffc9983a000 	C:\WINDOWS\SYSTEM32\dhcpcsvc.DLL
0x00007ffc8cc30000 - 0x00007ffc8cdf9000 	C:\WINDOWS\SYSTEM32\dbghelp.dll

VM Arguments:
jvm_args: -Djava.awt.headless=true -Djava.rmi.server.hostname=127.0.0.1 -Xmx1536m -Dkotlin.environment.keepalive 
java_command: org.jetbrains.kotlin.daemon.KotlinCompileDaemon --daemon-runFilesPath C:\Users\abbes\AppData\Local\kotlin\daemon --daemon-autoshutdownIdleSeconds=7200 --daemon-compilerClasspath C:\Users\abbes\.gradle\caches\modules-2\files-2.1\org.jetbrains.kotlin\kotlin-compiler-embeddable\1.3.21\677cc9553b8964c895abc76da9b6a0faea8f671d\kotlin-compiler-embeddable-1.3.21.jar;C:\Users\abbes\.gradle\caches\modules-2\files-2.1\org.jetbrains.kotlin\kotlin-reflect\1.3.21\d0d5ff2ac2ebd8a42697af41e20fc225a23c5d3b\kotlin-reflect-1.3.21.jar;C:\Users\abbes\.gradle\caches\modules-2\files-2.1\org.jetbrains.kotlin\kotlin-stdlib\1.3.21\4bcc2012b84840e19e1e28074284cac908be0295\kotlin-stdlib-1.3.21.jar;C:\Users\abbes\.gradle\caches\modules-2\files-2.1\org.jetbrains.kotlin\kotlin-script-runtime\1.3.21\29363d474ee6fda354900636320a177c7286def9\kotlin-script-runtime-1.3.21.jar;C:\Users\abbes\.gradle\caches\modules-2\files-2.1\org.jetbrains.intellij.deps\trove4j\1.0.20181211\216c2e14b070f334479d800987affe4054cd563f\trove4j-1.0.20181211.jar;C:\Users\abbes\.gradle\caches\modules-2\files-2.1\org.jetbrains.kotlin\kotlin-stdlib-common\1.3.21\f30e4a9897913e53d778f564110bafa1fef46643\kotlin-stdlib-common-1.3.21.jar;C:\Users\abbes\.gradle\caches\modules-2\files-2.1\org.jetbrains\annotations\13.0\919f0dfe192fb4e063e7dacadee7f8bb9a2672a9\annotations-13.0.jar;D:\Program\AndroidStudio\jre\lib\tools.jar
java_class_path (initial): C:\Users\abbes\.gradle\caches\modules-2\files-2.1\org.jetbrains.kotlin\kotlin-compiler-embeddable\1.3.21\677cc9553b8964c895abc76da9b6a0faea8f671d\kotlin-compiler-embeddable-1.3.21.jar;C:\Users\abbes\.gradle\caches\modules-2\files-2.1\org.jetbrains.kotlin\kotlin-reflect\1.3.21\d0d5ff2ac2ebd8a42697af41e20fc225a23c5d3b\kotlin-reflect-1.3.21.jar;C:\Users\abbes\.gradle\caches\modules-2\files-2.1\org.jetbrains.kotlin\kotlin-stdlib\1.3.21\4bcc2012b84840e19e1e28074284cac908be0295\kotlin-stdlib-1.3.21.jar;C:\Users\abbes\.gradle\caches\modules-2\files-2.1\org.jetbrains.kotlin\kotlin-script-runtime\1.3.21\29363d474ee6fda354900636320a177c7286def9\kotlin-script-runtime-1.3.21.jar;C:\Users\abbes\.gradle\caches\modules-2\files-2.1\org.jetbrains.intellij.deps\trove4j\1.0.20181211\216c2e14b070f334479d800987affe4054cd563f\trove4j-1.0.20181211.jar;C:\Users\abbes\.gradle\caches\modules-2\files-2.1\org.jetbrains.kotlin\kotlin-stdlib-common\1.3.21\f30e4a9897913e53d778f564110bafa1fef46643\kotlin-stdlib-common-1.3.21.jar;C:\Users\abbes\.gradle\caches\modules-2\files-2.1\org.jetbrains\annotations\13.0\919f0dfe192fb4e063e7dacadee7f8bb9a2672a9\annotations-13.0.jar;D:\Program\AndroidStudio\jre\lib\tools.jar
Launcher Type: SUN_STANDARD

Environment Variables:
PATH=C:\ProgramData\Oracle\Java\javapath;C:\Program Files (x86)\Intel\Intel(R) Management Engine Components\iCLS\;C:\Program Files\Intel\Intel(R) Management Engine Components\iCLS\;C:\Windows\system32;C:\Windows;C:\Windows\System32\Wbem;C:\Windows\System32\WindowsPowerShell\v1.0\;C:\Program Files (x86)\NVIDIA Corporation\PhysX\Common;C:\Program Files (x86)\Intel\Intel(R) Management Engine Components\DAL;C:\Program Files\Intel\Intel(R) Management Engine Components\DAL;C:\Program Files (x86)\Intel\Intel(R) Management Engine Components\IPT;C:\Program Files\Intel\Intel(R) Management Engine Components\IPT;C:\Program Files\Git\cmd;C:\WINDOWS\system32;C:\WINDOWS;C:\WINDOWS\System32\Wbem;C:\WINDOWS\System32\WindowsPowerShell\v1.0\;C:\WINDOWS\System32\OpenSSH\;C:\Program Files\PuTTY\;C:\Program Files\NVIDIA Corporation\NVIDIA NvDLISR;C:\Users\abbes\AppData\Local\Microsoft\WindowsApps;C:\Users\abbes\AppData\Local\atom\bin;C:\Users\abbes\AppData\Local\GitHubDesktop\bin;%USERPROFILE%\AppData\Local\Microsoft\WindowsApps;
USERNAME=abbes
OS=Windows_NT
PROCESSOR_IDENTIFIER=Intel64 Family 6 Model 158 Stepping 10, GenuineIntel



---------------  S Y S T E M  ---------------

OS: Windows 10.0 , 64 bit Build 17134 (10.0.17134.706)

CPU:total 6 (initial active 6) (6 cores per cpu, 1 threads per core) family 6 model 158 stepping 10, cmov, cx8, fxsr, mmx, sse, sse2, sse3, ssse3, sse4.1, sse4.2, popcnt, avx, avx2, aes, clmul, erms, rtm, 3dnowpref, lzcnt, tsc, tscinvbit, bmi1, bmi2, adx

Memory: 4k page, physical 16721940k(7888212k free), swap 21702676k(6556528k free)

vm_info: OpenJDK 64-Bit Server VM (25.152-b01) for windows-amd64 JRE (1.8.0_152-release-1248-b01), built by "builder" with MS VC++ 10.0 (VS2010)

time: Mon Apr 15 18:12:17 2019
elapsed time: 4 seconds (0d 0h 0m 4s)

